#
# A fatal error has been detected by the Java Runtime Environment:
#
#  Internal Error (javaCalls.cpp:51), pid=15936, tid=0x0000000000002240
#  guarantee(thread->is_Java_thread()) failed: crucial check - the VM thread cannot and must not escape to Java code
#
# JRE version: Java(TM) SE Runtime Environment (8.0_191-b12) (build 1.8.0_191-b12)
# Java VM: Java HotSpot(TM) 64-Bit Server VM (25.191-b12 mixed mode windows-amd64 compressed oops)
# Failed to write core dump. Minidumps are not enabled by default on client versions of Windows
#
# If you would like to submit a bug report, please visit:
#   http://bugreport.java.com/bugreport/crash.jsp
#

---------------  T H R E A D  ---------------

Current thread (0x00000000179aa000):  VMThread [stack: 0x0000000019690000,0x0000000019790000] [id=8768]

Stack: [0x0000000019690000,0x0000000019790000]
[error occurred during error reporting (printing stack bounds), id 0xc0000005]

Native frames: (J=compiled Java code, j=interpreted, Vv=VM code, C=native code)

VM_Operation (0x000000001a4cf220): GetOrSetLocal, mode: safepoint, requested by thread 0x00000000198c3800


---------------  P R O C E S S  ---------------

Java Threads: ( => current thread )
  0x0000000019a43000 JavaThread "Service Thread" daemon [_thread_blocked, id=16096, stack(0x000000001aad0000,0x000000001abd0000)]
  0x00000000199aa800 JavaThread "C1 CompilerThread3" daemon [_thread_blocked, id=688, stack(0x000000001a9d0000,0x000000001aad0000)]
  0x00000000199a8000 JavaThread "C2 CompilerThread2" daemon [_thread_blocked, id=6920, stack(0x000000001a8d0000,0x000000001a9d0000)]
  0x00000000199a7000 JavaThread "C2 CompilerThread1" daemon [_thread_blocked, id=19524, stack(0x000000001a7d0000,0x000000001a8d0000)]
  0x0000000019996800 JavaThread "C2 CompilerThread0" daemon [_thread_blocked, id=5300, stack(0x000000001a6d0000,0x000000001a7d0000)]
  0x00000000198d2800 JavaThread "JDWP Command Reader" daemon [_thread_in_native, id=2060, stack(0x000000001a5d0000,0x000000001a6d0000)]
  0x00000000198cf800 JavaThread "JDWP Event Helper Thread" daemon [_thread_blocked, id=5244, stack(0x000000001a4d0000,0x000000001a5d0000)]
  0x00000000198c3800 JavaThread "JDWP Transport Listener: dt_socket" daemon [_thread_blocked, id=19264, stack(0x000000001a3d0000,0x000000001a4d0000)]
  0x00000000198ba000 JavaThread "Attach Listener" daemon [_thread_blocked, id=19852, stack(0x0000000019f90000,0x000000001a090000)]
  0x00000000179be000 JavaThread "Signal Dispatcher" daemon [_thread_blocked, id=10452, stack(0x0000000019e90000,0x0000000019f90000)]
  0x00000000198b0800 JavaThread "Finalizer" daemon [_thread_blocked, id=20040, stack(0x0000000019c90000,0x0000000019d90000)]
  0x0000000002a39000 JavaThread "Reference Handler" daemon [_thread_blocked, id=22724, stack(0x0000000019790000,0x0000000019890000)]
  0x0000000002943000 JavaThread "main" [_thread_blocked, id=21180, stack(0x0000000002640000,0x0000000002740000)]

Other Threads:
=>0x00000000179aa000 VMThread [stack: 0x0000000019690000,0x0000000019790000] [id=8768]
  0x0000000019b3d000 WatcherThread [stack: 0x000000001abd0000,0x000000001acd0000] [id=18520]

VM state:at safepoint (normal execution)

VM Mutex/Monitor currently owned by a thread:  ([mutex/lock_event])
[0x000000000283e5b0] Threads_lock - owner thread: 0x00000000179aa000

Heap:
 PSYoungGen      total 38400K, used 6032K [0x00000000d5f80000, 0x00000000d8a00000, 0x0000000100000000)
  eden space 33280K, 18% used [0x00000000d5f80000,0x00000000d65640d0,0x00000000d8000000)
  from space 5120K, 0% used [0x00000000d8500000,0x00000000d8500000,0x00000000d8a00000)
  to   space 5120K, 0% used [0x00000000d8000000,0x00000000d8000000,0x00000000d8500000)
 ParOldGen       total 87552K, used 0K [0x0000000081e00000, 0x0000000087380000, 0x00000000d5f80000)
  object space 87552K, 0% used [0x0000000081e00000,0x0000000081e00000,0x0000000087380000)
 Metaspace       used 4924K, capacity 5122K, committed 5248K, reserved 1056768K
  class space    used 519K, capacity 561K, committed 640K, reserved 1048576K

Card table byte_map: [0x0000000011e00000,0x0000000012200000] byte_map_base: 0x00000000119f1000

Marking Bits: (ParMarkBitMap*) 0x0000000060273e30
 Begin Bits: [0x0000000012cb0000, 0x0000000014c38000)
 End Bits:   [0x0000000014c38000, 0x0000000016bc0000)

Polling page: 0x0000000000b70000

CodeCache: size=245760Kb used=1712Kb max_used=1721Kb free=244047Kb
 bounds [0x0000000002a40000, 0x0000000002cb0000, 0x0000000011a40000]
 total_blobs=464 nmethods=182 adapters=203
 compilation: enabled

Compilation events (10 events):
Event: 1631.132 Thread 0x00000000199a7000  178       4       org.eclipse.jdt.launching.internal.org.objectweb.asm.ClassReader::readInt (52 bytes)
Event: 1631.133 Thread 0x00000000199aa800  179       3       org.eclipse.jdt.launching.internal.org.objectweb.asm.ByteVector::put122 (93 bytes)
Event: 1631.133 Thread 0x00000000199aa800 nmethod 179 0x0000000002bb2f10 code [0x0000000002bb3080, 0x0000000002bb3348]
Event: 1631.133 Thread 0x00000000199aa800  180       3       org.eclipse.jdt.launching.internal.org.objectweb.asm.Label::addForwardReference (102 bytes)
Event: 1631.133 Thread 0x00000000199aa800 nmethod 180 0x0000000002bb2690 code [0x0000000002bb2820, 0x0000000002bb2ca8]
Event: 1631.133 Thread 0x00000000199a7000 nmethod 178 0x0000000002bb3d10 code [0x0000000002bb3e60, 0x0000000002bb3f78]
Event: 1631.133 Thread 0x00000000199aa800  181       3       org.eclipse.jdt.launching.internal.org.objectweb.asm.ByteVector::put11 (52 bytes)
Event: 1631.134 Thread 0x00000000199aa800 nmethod 181 0x0000000002bef150 code [0x0000000002bef2c0, 0x0000000002bef528]
Event: 1631.134 Thread 0x00000000199aa800  182       3       org.eclipse.jdt.launching.internal.org.objectweb.asm.Handler::getExceptionTableSize (10 bytes)
Event: 1631.134 Thread 0x00000000199aa800 nmethod 182 0x0000000002beec50 code [0x0000000002beedc0, 0x0000000002bef010]

GC Heap History (0 events):
No events

Deoptimization events (0 events):
No events

Classes redefined (7 events):
Event: 131.744 Thread 0x00000000179aa000 redefined class name=tp4.BinaryHeap, count=1
Event: 170.659 Thread 0x00000000179aa000 redefined class name=tp4.BinaryHeap, count=2
Event: 476.194 Thread 0x00000000179aa000 redefined class name=tp4.BinaryHeap, count=3
Event: 583.388 Thread 0x00000000179aa000 redefined class name=tp4.BinaryHeap, count=4
Event: 1109.950 Thread 0x00000000179aa000 redefined class name=tp4.BinaryHeap, count=5
Event: 1631.136 Thread 0x00000000179aa000 redefined class name=tp4.BinaryHeap, count=6
Event: 1708.803 Thread 0x00000000179aa000 redefined class name=tp4.BinaryHeap, count=7

Internal exceptions (2 events):
Event: 0.033 Thread 0x0000000002943000 Exception <a 'java/lang/NoSuchMethodError': Method sun.misc.Unsafe.defineClass(Ljava/lang/String;[BII)Ljava/lang/Class; name or signature does not match> (0x00000000d5f87cb0) thrown at [C:\re\workspace\8-2-build-windows-amd64-cygwin\jdk8u191\11896\hotspot
Event: 0.034 Thread 0x0000000002943000 Exception <a 'java/lang/NoSuchMethodError': Method sun.misc.Unsafe.prefetchRead(Ljava/lang/Object;J)V name or signature does not match> (0x00000000d5f87f98) thrown at [C:\re\workspace\8-2-build-windows-amd64-cygwin\jdk8u191\11896\hotspot\src\share\vm\prim

Events (10 events):
Event: 1708.825 Executing VM operation: ChangeBreakpoints done
Event: 1709.063 Executing VM operation: GetCurrentContendedMonitor
Event: 1709.063 Executing VM operation: GetCurrentContendedMonitor done
Event: 1709.064 Executing VM operation: GetOwnedMonitorInfo
Event: 1709.064 Executing VM operation: GetOwnedMonitorInfo done
Event: 1709.087 Executing VM operation: GetOwnedMonitorInfo
Event: 1709.087 Executing VM operation: GetOwnedMonitorInfo done
Event: 1709.088 Executing VM operation: GetCurrentContendedMonitor
Event: 1709.088 Executing VM operation: GetCurrentContendedMonitor done
Event: 1709.091 Executing VM operation: GetOrSetLocal


Dynamic libraries:
0x00007ff7a18b0000 - 0x00007ff7a18e7000 	C:\Program Files\Java\jre1.8.0_191\bin\javaw.exe
0x00007ffbfd450000 - 0x00007ffbfd63d000 	C:\WINDOWS\SYSTEM32\ntdll.dll
0x00007ffbdeef0000 - 0x00007ffbdef02000 	C:\Program Files\AVAST Software\Avast\aswhook.dll
0x00007ffbfa700000 - 0x00007ffbfa7b3000 	C:\WINDOWS\System32\KERNEL32.DLL
0x00007ffbf9750000 - 0x00007ffbf99e3000 	C:\WINDOWS\System32\KERNELBASE.dll
0x00007ffbfac70000 - 0x00007ffbfad13000 	C:\WINDOWS\System32\ADVAPI32.dll
0x00007ffbfaed0000 - 0x00007ffbfaf6e000 	C:\WINDOWS\System32\msvcrt.dll
0x00007ffbfcdf0000 - 0x00007ffbfce8e000 	C:\WINDOWS\System32\sechost.dll
0x00007ffbfd2d0000 - 0x00007ffbfd3f2000 	C:\WINDOWS\System32\RPCRT4.dll
0x00007ffbfd130000 - 0x00007ffbfd2c7000 	C:\WINDOWS\System32\USER32.dll
0x00007ffbf9580000 - 0x00007ffbf95a0000 	C:\WINDOWS\System32\win32u.dll
0x00007ffbfafc0000 - 0x00007ffbfafe9000 	C:\WINDOWS\System32\GDI32.dll
0x00007ffbfa2e0000 - 0x00007ffbfa47a000 	C:\WINDOWS\System32\gdi32full.dll
0x00007ffbf9a70000 - 0x00007ffbf9b10000 	C:\WINDOWS\System32\msvcp_win.dll
0x00007ffbf9650000 - 0x00007ffbf974a000 	C:\WINDOWS\System32\ucrtbase.dll
0x00007ffbebb00000 - 0x00007ffbebd79000 	C:\WINDOWS\WinSxS\amd64_microsoft.windows.common-controls_6595b64144ccf1df_6.0.17763.379_none_05b83be8071c94a1\COMCTL32.dll
0x00007ffbfc5c0000 - 0x00007ffbfc8ed000 	C:\WINDOWS\System32\combase.dll
0x00007ffbf99f0000 - 0x00007ffbf9a6e000 	C:\WINDOWS\System32\bcryptPrimitives.dll
0x00007ffbfaf90000 - 0x00007ffbfafbe000 	C:\WINDOWS\System32\IMM32.DLL
0x0000000060a60000 - 0x0000000060b32000 	C:\Program Files\Java\jre1.8.0_191\bin\msvcr100.dll
0x000000005fa50000 - 0x00000000602f4000 	C:\Program Files\Java\jre1.8.0_191\bin\server\jvm.dll
0x00007ffbfaf80000 - 0x00007ffbfaf88000 	C:\WINDOWS\System32\PSAPI.DLL
0x00007ffbefac0000 - 0x00007ffbefac9000 	C:\WINDOWS\SYSTEM32\WSOCK32.dll
0x00007ffbfcd80000 - 0x00007ffbfcded000 	C:\WINDOWS\System32\WS2_32.dll
0x00007ffbf1620000 - 0x00007ffbf1644000 	C:\WINDOWS\SYSTEM32\WINMM.dll
0x00007ffbeec80000 - 0x00007ffbeec8a000 	C:\WINDOWS\SYSTEM32\VERSION.dll
0x00007ffbf08c0000 - 0x00007ffbf08ed000 	C:\WINDOWS\SYSTEM32\WINMMBASE.dll
0x00007ffbf9b10000 - 0x00007ffbf9b5a000 	C:\WINDOWS\System32\cfgmgr32.dll
0x0000000060c10000 - 0x0000000060c1f000 	C:\Program Files\Java\jre1.8.0_191\bin\verify.dll
0x0000000060be0000 - 0x0000000060c09000 	C:\Program Files\Java\jre1.8.0_191\bin\java.dll
0x000000005fa10000 - 0x000000005fa45000 	C:\Program Files\Java\jre1.8.0_191\bin\jdwp.dll
0x0000000060a50000 - 0x0000000060a58000 	C:\Program Files\Java\jre1.8.0_191\bin\npt.dll
0x000000005f9e0000 - 0x000000005fa03000 	C:\Program Files\Java\jre1.8.0_191\bin\instrument.dll
0x0000000060bc0000 - 0x0000000060bd6000 	C:\Program Files\Java\jre1.8.0_191\bin\zip.dll
0x00007ffbfb050000 - 0x00007ffbfc540000 	C:\WINDOWS\System32\SHELL32.dll
0x00007ffbfa990000 - 0x00007ffbfaa38000 	C:\WINDOWS\System32\shcore.dll
0x00007ffbf9b60000 - 0x00007ffbfa2aa000 	C:\WINDOWS\System32\windows.storage.dll
0x00007ffbf94d0000 - 0x00007ffbf94f4000 	C:\WINDOWS\System32\profapi.dll
0x00007ffbf9450000 - 0x00007ffbf94ad000 	C:\WINDOWS\System32\powrprof.dll
0x00007ffbfaff0000 - 0x00007ffbfb042000 	C:\WINDOWS\System32\shlwapi.dll
0x00007ffbf94b0000 - 0x00007ffbf94c1000 	C:\WINDOWS\System32\kernel.appcore.dll
0x00007ffbfa660000 - 0x00007ffbfa677000 	C:\WINDOWS\System32\cryptsp.dll
0x000000005f9d0000 - 0x000000005f9d9000 	C:\Program Files\Java\jre1.8.0_191\bin\dt_socket.dll
0x00007ffbec700000 - 0x00007ffbec716000 	C:\WINDOWS\system32\napinsp.dll
0x00007ffbec6e0000 - 0x00007ffbec6fa000 	C:\WINDOWS\system32\pnrpnsp.dll
0x00007ffbf8cc0000 - 0x00007ffbf8d27000 	C:\WINDOWS\System32\mswsock.dll
0x00007ffbf8a70000 - 0x00007ffbf8b36000 	C:\WINDOWS\SYSTEM32\DNSAPI.dll
0x00007ffbfaf70000 - 0x00007ffbfaf78000 	C:\WINDOWS\System32\NSI.dll
0x00007ffbf8a30000 - 0x00007ffbf8a6d000 	C:\WINDOWS\SYSTEM32\IPHLPAPI.DLL
0x00007ffbed110000 - 0x00007ffbed11e000 	C:\WINDOWS\System32\winrnr.dll
0x00007ffbf4a10000 - 0x00007ffbf4a2b000 	C:\WINDOWS\system32\NLAapi.dll
0x00007ffbf2760000 - 0x00007ffbf2775000 	C:\WINDOWS\system32\wshbth.dll
0x00007ffbf0b00000 - 0x00007ffbf0b79000 	C:\WINDOWS\System32\fwpuclnt.dll
0x00007ffbfa2b0000 - 0x00007ffbfa2d6000 	C:\WINDOWS\System32\bcrypt.dll
0x00007ffbf06b0000 - 0x00007ffbf06ba000 	C:\Windows\System32\rasadhlp.dll

VM Arguments:
jvm_args: -agentlib:jdwp=transport=dt_socket,suspend=y,address=localhost:54589 -javaagent:C:\Users\serge\Desktop\poubelle du bureau\dossier éclipse\eclipse\configuration\org.eclipse.osgi\705\0\.cp\lib\javaagent-shaded.jar -Dfile.encoding=Cp1252 
java_command: tp4.Main
java_class_path (initial): C:\Users\serge\Desktop\poly\poly\inf2010 structure de donnée -- tps\tp4\Code\tp4_\bin;C:\Users\serge\Desktop\poubelle du bureau\dossier éclipse\eclipse\configuration\org.eclipse.osgi\705\0\.cp\lib\javaagent-shaded.jar
Launcher Type: SUN_STANDARD

Environment Variables:
PATH=C:/Program Files/Java/jre1.8.0_191/bin/server;C:/Program Files/Java/jre1.8.0_191/bin;C:/Program Files/Java/jre1.8.0_191/lib/amd64;C:\Program Files (x86)\Common Files\Oracle\Java\javapath;C:\Program Files (x86)\Intel\iCLS Client\;C:\Program Files\Intel\iCLS Client\;C:\Windows\system32;C:\Windows;C:\Windows\System32\Wbem;C:\Windows\System32\WindowsPowerShell\v1.0\;C:\Program Files (x86)\Intel\Intel(R) Management Engine Components\DAL;C:\Program Files\Intel\Intel(R) Management Engine Components\DAL;C:\Program Files (x86)\Intel\Intel(R) Management Engine Components\IPT;C:\Program Files\Intel\Intel(R) Management Engine Components\IPT;C:\Program Files (x86)\NVIDIA Corporation\PhysX\Common;C:\Program Files\dotnet\;C:\Program Files\Microsoft SQL Server\130\Tools\Binn\;C:\Program Files\Git\cmd;C:\WINDOWS\system32;C:\WINDOWS;C:\WINDOWS\System32\Wbem;C:\WINDOWS\System32\WindowsPowerShell\v1.0\;C:\WINDOWS\System32\OpenSSH\;C:\Users\serge\AppData\Local\Microsoft\WindowsApps;;C:\Users\serge\AppData\Local\Programs\Microsoft VS Code\bin;C:\WINDOWS\System32;
USERNAME=serge
OS=Windows_NT
PROCESSOR_IDENTIFIER=Intel64 Family 6 Model 142 Stepping 10, GenuineIntel



---------------  S Y S T E M  ---------------

OS: Windows 10.0 , 64 bit Build 17763 (10.0.17763.379)

CPU:total 8 (initial active 8) (4 cores per cpu, 2 threads per core) family 6 model 142 stepping 10, cmov, cx8, fxsr, mmx, sse, sse2, sse3, ssse3, sse4.1, sse4.2, popcnt, avx, avx2, aes, clmul, erms, 3dnowpref, lzcnt, ht, tsc, tscinvbit, bmi1, bmi2, adx

Memory: 4k page, physical 8261220k(2243148k free), swap 11609396k(1865708k free)

vm_info: Java HotSpot(TM) 64-Bit Server VM (25.191-b12) for windows-amd64 JRE (1.8.0_191-b12), built on Oct  6 2018 09:29:03 by "java_re" with MS VC++ 10.0 (VS2010)

time: Tue Apr 02 00:54:47 2019
elapsed time: 1709 seconds (0d 0h 28m 29s)

